<?xml version="1.0" encoding="UTF-8" standalone="no"?><testsuite errors="1" failures="1" name="Producto - My Demo App" skipped="0" tests="3" time="28.0" timestamp="2024-10-03 11:50:54"><testcase name="ValidaciÃ³n de funcionalidad de carrito de compras"><error message="No se aumento correctamente la cantidad del producto  expected:&lt;Optional[10]&gt; but was:&lt;Optional[1]&gt;" type="java.lang.AssertionError">No se aumento correctamente la cantidad del producto  expected:&lt;Optional[10]&gt; but was:&lt;Optional[1]&gt;</error><system-err>No se aumento correctamente la cantidad del producto  expected:&lt;Optional[10]&gt; but was:&lt;Optional[1]&gt;&#13;
com.nttdata.steps.CartSteps.validateCartUpdate(CartSteps.java:32)&#13;
net.thucydides.core.steps.BaseMethodRunner.invokeMethod(BaseMethodRunner.java:18)&#13;
net.thucydides.core.steps.NormalMethodRunner.invokeMethodAndNotifyFailures(NormalMethodRunner.java:18)&#13;
net.thucydides.core.steps.StepInterceptor.runNormalMethod(StepInterceptor.java:420)&#13;
net.thucydides.core.steps.StepInterceptor.testStepResult(StepInterceptor.java:195)&#13;
net.thucydides.core.steps.StepInterceptor.intercept(StepInterceptor.java:92)&#13;
com.nttdata.stepsdefinitions.MyDemoAppStepsDefs.valido_el_carrito_de_compra_actualice_correctamente(MyDemoAppStepsDefs.java:35)&#13;
io.cucumber.java.Invoker.doInvoke(Invoker.java:66)&#13;
io.cucumber.java.Invoker.invoke(Invoker.java:24)&#13;
io.cucumber.java.AbstractGlueDefinition.invokeMethod(AbstractGlueDefinition.java:47)&#13;
io.cucumber.java.JavaStepDefinition.execute(JavaStepDefinition.java:29)&#13;
io.cucumber.core.runner.CoreStepDefinition.execute(CoreStepDefinition.java:66)&#13;
io.cucumber.core.runner.PickleStepDefinitionMatch.runStep(PickleStepDefinitionMatch.java:63)&#13;
io.cucumber.core.runner.TestStep.executeStep(TestStep.java:84)&#13;
io.cucumber.core.runner.TestStep.run(TestStep.java:56)&#13;
io.cucumber.core.runner.PickleStepTestStep.run(PickleStepTestStep.java:51)&#13;
io.cucumber.core.runner.TestCase.run(TestCase.java:84)&#13;
io.cucumber.core.runner.Runner.runPickle(Runner.java:75)&#13;
io.cucumber.core.runtime.CucumberExecutionContext.lambda$runTestCase$5(CucumberExecutionContext.java:137)&#13;
io.cucumber.core.runtime.RethrowingThrowableCollector.executeAndThrow(RethrowingThrowableCollector.java:23)&#13;
io.cucumber.core.runtime.CucumberExecutionContext.runTestCase(CucumberExecutionContext.java:137)&#13;
io.cucumber.junit.FeatureRunner.runChild(FeatureRunner.java:144)&#13;
io.cucumber.junit.FeatureRunner.runChild(FeatureRunner.java:28)&#13;
io.cucumber.junit.FeatureRunner.run(FeatureRunner.java:137)&#13;
io.cucumber.junit.CucumberSerenityBaseRunner.runChild(CucumberSerenityBaseRunner.java:332)&#13;
io.cucumber.junit.CucumberSerenityBaseRunner.runChild(CucumberSerenityBaseRunner.java:53)&#13;
</system-err></testcase></testsuite>